\BOOKMARK [1][-]{section.1}{Introduction}{}% 1
\BOOKMARK [2][-]{subsection.1.1}{Project aims}{section.1}% 2
\BOOKMARK [2][-]{subsection.1.2}{Previous work}{section.1}% 3
\BOOKMARK [2][-]{subsection.1.3}{Examples of other unicycles}{section.1}% 4
\BOOKMARK [1][-]{section.2}{Theory}{}% 5
\BOOKMARK [2][-]{subsection.2.1}{Coordinate System}{section.2}% 6
\BOOKMARK [2][-]{subsection.2.2}{Quaternions}{section.2}% 7
\BOOKMARK [2][-]{subsection.2.3}{Optimal Control}{section.2}% 8
\BOOKMARK [2][-]{subsection.2.4}{PILCO}{section.2}% 9
\BOOKMARK [2][-]{subsection.2.5}{Gaussian Processes}{section.2}% 10
\BOOKMARK [2][-]{subsection.2.6}{Cost Function}{section.2}% 11
\BOOKMARK [1][-]{section.3}{Current Unicycle Set-up Review}{}% 12
\BOOKMARK [2][-]{subsection.3.1}{Mechanical}{section.3}% 13
\BOOKMARK [2][-]{subsection.3.2}{Electrical}{section.3}% 14
\BOOKMARK [2][-]{subsection.3.3}{Software}{section.3}% 15
\BOOKMARK [1][-]{section.4}{Initial Simulation Results}{}% 16
\BOOKMARK [2][-]{subsection.4.1}{Test Procedure}{section.4}% 17
\BOOKMARK [2][-]{subsection.4.2}{Roll Limit}{section.4}% 18
\BOOKMARK [2][-]{subsection.4.3}{Sampling Time}{section.4}% 19
\BOOKMARK [2][-]{subsection.4.4}{Wheel Size}{section.4}% 20
\BOOKMARK [2][-]{subsection.4.5}{Future Simulations}{section.4}% 21
\BOOKMARK [1][-]{section.5}{Mechanical redesign}{}% 22
\BOOKMARK [2][-]{subsection.5.1}{Changes}{section.5}% 23
\BOOKMARK [2][-]{subsection.5.2}{Concerns}{section.5}% 24
\BOOKMARK [1][-]{section.6}{Results}{}% 25
\BOOKMARK [2][-]{subsection.6.1}{Phone}{section.6}% 26
\BOOKMARK [3][-]{subsubsection.6.1.1}{Connection}{subsection.6.1}% 27
\BOOKMARK [3][-]{subsubsection.6.1.2}{Orientation}{subsection.6.1}% 28
\BOOKMARK [2][-]{subsection.6.2}{Rasberry Pi}{section.6}% 29
\BOOKMARK [3][-]{subsubsection.6.2.1}{Connection}{subsection.6.2}% 30
\BOOKMARK [2][-]{subsection.6.3}{Motor}{section.6}% 31
\BOOKMARK [2][-]{subsection.6.4}{Rollouts}{section.6}% 32
\BOOKMARK [3][-]{subsubsection.6.4.1}{Test Procedure}{subsection.6.4}% 33
\BOOKMARK [3][-]{subsubsection.6.4.2}{Functions}{subsection.6.4}% 34
\BOOKMARK [3][-]{subsubsection.6.4.3}{Tests}{subsection.6.4}% 35
\BOOKMARK [2][-]{subsection.6.5}{Quadratic Controller}{section.6}% 36
\BOOKMARK [2][-]{subsection.6.6}{Additional Simulations}{section.6}% 37
\BOOKMARK [1][-]{section.7}{Conclusions}{}% 38
\BOOKMARK [2][-]{subsection.7.1}{Progress}{section.7}% 39
\BOOKMARK [2][-]{subsection.7.2}{Future Work}{section.7}% 40
\BOOKMARK [2][-]{subsection.7.3}{Additional rollouts}{section.7}% 41
\BOOKMARK [2][-]{subsection.7.4}{Encoder}{section.7}% 42
\BOOKMARK [2][-]{subsection.7.5}{Exploration}{section.7}% 43
\BOOKMARK [2][-]{subsection.7.6}{Mass adjustment}{section.7}% 44
\BOOKMARK [1][-]{section.8}{Appendix}{}% 45
\BOOKMARK [2][-]{subsection.8.1}{Risk Assessment Review}{section.8}% 46
