This is pdfTeX, Version 3.14159265-2.6-1.40.17 (MiKTeX 2.9.6100 64-bit) (preloaded format=pdflatex 2017.2.22)  25 MAY 2020 17:46
entering extended mode
**./finalrep2.tex
(finalrep2.tex
LaTeX2e <2016/03/31> patch level 3
Babel <3.9r> and hyphenation patterns for 75 language(s) loaded.
("C:\Program Files\MiKTeX 2.9\tex\latex\base\article.cls"
Document Class: article 2014/09/29 v1.4h Standard LaTeX document class
("C:\Program Files\MiKTeX 2.9\tex\latex\base\size12.clo"
File: size12.clo 2014/09/29 v1.4h Standard LaTeX file (size option)
)
\c@part=\count79
\c@section=\count80
\c@subsection=\count81
\c@subsubsection=\count82
\c@paragraph=\count83
\c@subparagraph=\count84
\c@figure=\count85
\c@table=\count86
\abovecaptionskip=\skip41
\belowcaptionskip=\skip42
\bibindent=\dimen102
)
("C:\Program Files\MiKTeX 2.9\tex\latex\blindtext\blindtext.sty"
Package: blindtext 2012/01/06 V2.0 blindtext-Package

("C:\Program Files\MiKTeX 2.9\tex\latex\tools\xspace.sty"
Package: xspace 2014/10/28 v1.13 Space after command names (DPC,MH)
)
\c@blindtext=\count87
\c@Blindtext=\count88
\c@blind@countparstart=\count89
\blind@countxx=\count90
\blindtext@numBlindtext=\count91
\blind@countyy=\count92
\c@blindlist=\count93
\c@blindlistlevel=\count94
\c@blindlist@level=\count95
\blind@listitem=\count96
\c@blind@listcount=\count97
\c@blind@levelcount=\count98
\blind@mathformula=\count99
\blind@Mathformula=\count100
\c@blind@randomcount=\count101
\c@blind@randommax=\count102
\c@blind@pangramcount=\count103
\c@blind@pangrammax=\count104
)
("C:\Program Files\MiKTeX 2.9\tex\latex\psnfss\mathpazo.sty"
Package: mathpazo 2005/04/12 PSNFSS-v9.2a Palatino w/ Pazo Math (D.Puga, WaS) 
\symupright=\mathgroup4
)
("C:\Program Files\MiKTeX 2.9\tex\latex\base\fontenc.sty"
Package: fontenc 2016/06/19 v1.99m Standard LaTeX package

("C:\Program Files\MiKTeX 2.9\tex\latex\base\t1enc.def"
File: t1enc.def 2016/06/19 v1.99m Standard LaTeX file
LaTeX Font Info:    Redeclaring font encoding T1 on input line 48.
))
("C:\Program Files\MiKTeX 2.9\tex\latex\microtype\microtype.sty"
Package: microtype 2016/05/14 v2.6a Micro-typographical refinements (RS)

("C:\Program Files\MiKTeX 2.9\tex\latex\graphics\keyval.sty"
Package: keyval 2014/10/28 v1.15 key=value parser (DPC)
\KV@toks@=\toks14
)
\MT@toks=\toks15
\MT@count=\count105
LaTeX Info: Redefining \textls on input line 774.
\MT@outer@kern=\dimen103
LaTeX Info: Redefining \textmicrotypecontext on input line 1310.
\MT@listname@count=\count106

("C:\Program Files\MiKTeX 2.9\tex\latex\microtype\microtype-pdftex.def"
File: microtype-pdftex.def 2016/05/14 v2.6a Definitions specific to pdftex (RS)

LaTeX Info: Redefining \lsstyle on input line 916.
LaTeX Info: Redefining \lslig on input line 916.
\MT@outer@space=\skip43
)
Package microtype Info: Loading configuration file microtype.cfg.

("C:\Program Files\MiKTeX 2.9\tex\latex\microtype\microtype.cfg"
File: microtype.cfg 2016/05/14 v2.6a microtype main configuration file (RS)
))
("C:\Program Files\MiKTeX 2.9\tex\generic\babel\babel.sty"
Package: babel 2016/04/23 3.9r The Babel package

*************************************
* Local config file bblopts.cfg used
*
("C:\Program Files\MiKTeX 2.9\tex\latex\arabi\bblopts.cfg"
File: bblopts.cfg 2005/09/08 v0.1 add Arabic and Farsi to "declared" options of
 babel
)
("C:\Program Files\MiKTeX 2.9\tex\latex\babel-english\english.ldf"
Language: english 2012/08/20 v3.3p English support from the babel system

("C:\Program Files\MiKTeX 2.9\tex\generic\babel\babel.def"
File: babel.def 2016/04/23 3.9r Babel common definitions
\babel@savecnt=\count107
\U@D=\dimen104
)
\l@canadian = a dialect from \language\l@american 
\l@australian = a dialect from \language\l@british 
\l@newzealand = a dialect from \language\l@british 
))
("C:\Program Files\MiKTeX 2.9\tex\latex\geometry\geometry.sty"
Package: geometry 2010/09/12 v5.6 Page Geometry

("C:\Program Files\MiKTeX 2.9\tex\generic\oberdiek\ifpdf.sty"
Package: ifpdf 2016/05/14 v3.1 Provides the ifpdf switch
)
("C:\Program Files\MiKTeX 2.9\tex\generic\oberdiek\ifvtex.sty"
Package: ifvtex 2016/05/16 v1.6 Detect VTeX and its facilities (HO)
Package ifvtex Info: VTeX not detected.
)
("C:\Program Files\MiKTeX 2.9\tex\generic\ifxetex\ifxetex.sty"
Package: ifxetex 2010/09/12 v0.6 Provides ifxetex conditional
)
\Gm@cnth=\count108
\Gm@cntv=\count109
\c@Gm@tempcnt=\count110
\Gm@bindingoffset=\dimen105
\Gm@wd@mp=\dimen106
\Gm@odd@mp=\dimen107
\Gm@even@mp=\dimen108
\Gm@layoutwidth=\dimen109
\Gm@layoutheight=\dimen110
\Gm@layouthoffset=\dimen111
\Gm@layoutvoffset=\dimen112
\Gm@dimlist=\toks16

("C:\Program Files\MiKTeX 2.9\tex\latex\geometry\geometry.cfg"))
("C:\Program Files\MiKTeX 2.9\tex\latex\caption\caption.sty"
Package: caption 2016/02/21 v3.3-144 Customizing captions (AR)

("C:\Program Files\MiKTeX 2.9\tex\latex\caption\caption3.sty"
Package: caption3 2016/05/22 v1.7-166 caption3 kernel (AR)
Package caption3 Info: TeX engine: e-TeX on input line 67.
\captionmargin=\dimen113
\captionmargin@=\dimen114
\captionwidth=\dimen115
\caption@tempdima=\dimen116
\caption@indent=\dimen117
\caption@parindent=\dimen118
\caption@hangindent=\dimen119
)
\c@ContinuedFloat=\count111
)
("C:\Program Files\MiKTeX 2.9\tex\latex\booktabs\booktabs.sty"
Package: booktabs 2005/04/14 v1.61803 publication quality tables
\heavyrulewidth=\dimen120
\lightrulewidth=\dimen121
\cmidrulewidth=\dimen122
\belowrulesep=\dimen123
\belowbottomsep=\dimen124
\aboverulesep=\dimen125
\abovetopsep=\dimen126
\cmidrulesep=\dimen127
\cmidrulekern=\dimen128
\defaultaddspace=\dimen129
\@cmidla=\count112
\@cmidlb=\count113
\@aboverulesep=\dimen130
\@belowrulesep=\dimen131
\@thisruleclass=\count114
\@lastruleclass=\count115
\@thisrulewidth=\dimen132
)
("C:\Program Files\MiKTeX 2.9\tex\latex\lettrine\lettrine.sty"
File: lettrine.sty 2015/08/31 v1.9 (Daniel Flipo)
\c@DefaultLines=\count116
\c@DefaultDepth=\count117
\DefaultFindent=\dimen133
\DefaultNindent=\dimen134
\DefaultSlope=\dimen135
\DiscardVskip=\dimen136
\L@lbox=\box26
\L@tbox=\box27
\c@L@lines=\count118
\c@L@depth=\count119
\L@Pindent=\dimen137
\L@Findent=\dimen138
\L@Nindent=\dimen139
\L@lraise=\dimen140
\L@first=\dimen141
\L@next=\dimen142
\L@slope=\dimen143
\L@height=\dimen144
\L@novskip=\dimen145
\LettrineWidth=\dimen146
\LettrineHeight=\dimen147
\LettrineDepth=\dimen148

Loading lettrine.cfg
("C:\Program Files\MiKTeX 2.9\tex\latex\lettrine\lettrine.cfg"))
("C:\Program Files\MiKTeX 2.9\tex\latex\enumitem\enumitem.sty"
Package: enumitem 2011/09/28 v3.5.2 Customized lists
\labelindent=\skip44
\enit@outerparindent=\dimen149
\enit@toks=\toks17
\enit@inbox=\box28
\enitdp@description=\count120
)
("C:\Program Files\MiKTeX 2.9\tex\latex\abstract\abstract.sty"
Package: abstract 2009/06/08 v1.2a configurable abstracts
\abstitleskip=\skip45
\absleftindent=\skip46
\absrightindent=\skip47
\absparindent=\skip48
\absparsep=\skip49
)
("C:\Program Files\MiKTeX 2.9\tex\latex\titlesec\titlesec.sty"
Package: titlesec 2016/03/21 v2.10.2 Sectioning titles
\ttl@box=\box29
\beforetitleunit=\skip50
\aftertitleunit=\skip51
\ttl@plus=\dimen150
\ttl@minus=\dimen151
\ttl@toksa=\toks18
\titlewidth=\dimen152
\titlewidthlast=\dimen153
\titlewidthfirst=\dimen154
)
("C:\Program Files\MiKTeX 2.9\tex\latex\titlesec\block.tss"
File: block.tss 2016/03/15
)
("C:\Program Files\MiKTeX 2.9\tex\latex\fancyhdr\fancyhdr.sty"
Package: fancyhdr 2016/09/06 3.8 Extensive control of page headers and footers
\fancy@headwidth=\skip52
\f@ncyO@elh=\skip53
\f@ncyO@erh=\skip54
\f@ncyO@olh=\skip55
\f@ncyO@orh=\skip56
\f@ncyO@elf=\skip57
\f@ncyO@erf=\skip58
\f@ncyO@olf=\skip59
\f@ncyO@orf=\skip60
)
("C:\Program Files\MiKTeX 2.9\tex\latex\titling\titling.sty"
Package: titling 2009/09/04 v2.1d maketitle typesetting
\thanksmarkwidth=\skip61
\thanksmargin=\skip62
\droptitle=\skip63
)
("C:\Program Files\MiKTeX 2.9\tex\latex\hyperref\hyperref.sty"
Package: hyperref 2016/06/24 v6.83q Hypertext links for LaTeX

("C:\Program Files\MiKTeX 2.9\tex\generic\oberdiek\hobsub-hyperref.sty"
Package: hobsub-hyperref 2016/05/16 v1.14 Bundle oberdiek, subset hyperref (HO)


("C:\Program Files\MiKTeX 2.9\tex\generic\oberdiek\hobsub-generic.sty"
Package: hobsub-generic 2016/05/16 v1.14 Bundle oberdiek, subset generic (HO)
Package: hobsub 2016/05/16 v1.14 Construct package bundles (HO)
Package: infwarerr 2016/05/16 v1.4 Providing info/warning/error messages (HO)
Package: ltxcmds 2016/05/16 v1.23 LaTeX kernel commands for general use (HO)
Package: ifluatex 2016/05/16 v1.4 Provides the ifluatex switch (HO)
Package ifluatex Info: LuaTeX not detected.
Package hobsub Info: Skipping package `ifvtex' (already loaded).
Package: intcalc 2016/05/16 v1.2 Expandable calculations with integers (HO)
Package hobsub Info: Skipping package `ifpdf' (already loaded).
Package: etexcmds 2016/05/16 v1.6 Avoid name clashes with e-TeX commands (HO)
Package etexcmds Info: Could not find \expanded.
(etexcmds)             That can mean that you are not using pdfTeX 1.50 or
(etexcmds)             that some package has redefined \expanded.
(etexcmds)             In the latter case, load this package earlier.
Package: kvsetkeys 2016/05/16 v1.17 Key value parser (HO)
Package: kvdefinekeys 2016/05/16 v1.4 Define keys (HO)
Package: pdftexcmds 2016/05/21 v0.22 Utility functions of pdfTeX for LuaTeX (HO
)
Package pdftexcmds Info: LuaTeX not detected.
Package pdftexcmds Info: \pdf@primitive is available.
Package pdftexcmds Info: \pdf@ifprimitive is available.
Package pdftexcmds Info: \pdfdraftmode found.
Package: pdfescape 2016/05/16 v1.14 Implements pdfTeX's escape features (HO)
Package: bigintcalc 2016/05/16 v1.4 Expandable calculations on big integers (HO
)
Package: bitset 2016/05/16 v1.2 Handle bit-vector datatype (HO)
Package: uniquecounter 2016/05/16 v1.3 Provide unlimited unique counter (HO)
)
Package hobsub Info: Skipping package `hobsub' (already loaded).
Package: letltxmacro 2016/05/16 v1.5 Let assignment for LaTeX macros (HO)
Package: hopatch 2016/05/16 v1.3 Wrapper for package hooks (HO)
Package: xcolor-patch 2016/05/16 xcolor patch
Package: atveryend 2016/05/16 v1.9 Hooks at the very end of document (HO)
Package atveryend Info: \enddocument detected (standard20110627).
Package: atbegshi 2016/06/09 v1.18 At begin shipout hook (HO)
Package: refcount 2016/05/16 v3.5 Data extraction from label references (HO)
Package: hycolor 2016/05/16 v1.8 Color options for hyperref/bookmark (HO)
)
("C:\Program Files\MiKTeX 2.9\tex\latex\oberdiek\auxhook.sty"
Package: auxhook 2016/05/16 v1.4 Hooks for auxiliary files (HO)
)
("C:\Program Files\MiKTeX 2.9\tex\latex\oberdiek\kvoptions.sty"
Package: kvoptions 2016/05/16 v3.12 Key value format for package options (HO)
)
\@linkdim=\dimen155
\Hy@linkcounter=\count121
\Hy@pagecounter=\count122

("C:\Program Files\MiKTeX 2.9\tex\latex\hyperref\pd1enc.def"
File: pd1enc.def 2016/06/24 v6.83q Hyperref: PDFDocEncoding definition (HO)
)
\Hy@SavedSpaceFactor=\count123

("C:\Program Files\MiKTeX 2.9\tex\latex\00miktex\hyperref.cfg"
File: hyperref.cfg 2002/06/06 v1.2 hyperref configuration of TeXLive
)
Package hyperref Info: Hyper figures OFF on input line 4486.
Package hyperref Info: Link nesting OFF on input line 4491.
Package hyperref Info: Hyper index ON on input line 4494.
Package hyperref Info: Plain pages OFF on input line 4501.
Package hyperref Info: Backreferencing OFF on input line 4506.
Package hyperref Info: Implicit mode ON; LaTeX internals redefined.
Package hyperref Info: Bookmarks ON on input line 4735.
\c@Hy@tempcnt=\count124

("C:\Program Files\MiKTeX 2.9\tex\latex\url\url.sty"
\Urlmuskip=\muskip10
Package: url 2013/09/16  ver 3.4  Verb mode for urls, etc.
)
LaTeX Info: Redefining \url on input line 5088.
\XeTeXLinkMargin=\dimen156
\Fld@menulength=\count125
\Field@Width=\dimen157
\Fld@charsize=\dimen158
Package hyperref Info: Hyper figures OFF on input line 6342.
Package hyperref Info: Link nesting OFF on input line 6347.
Package hyperref Info: Hyper index ON on input line 6350.
Package hyperref Info: backreferencing OFF on input line 6357.
Package hyperref Info: Link coloring OFF on input line 6362.
Package hyperref Info: Link coloring with OCG OFF on input line 6367.
Package hyperref Info: PDF/A mode OFF on input line 6372.
LaTeX Info: Redefining \ref on input line 6412.
LaTeX Info: Redefining \pageref on input line 6416.
\Hy@abspage=\count126
\c@Item=\count127
\c@Hfootnote=\count128
)

Package hyperref Message: Driver (autodetected): hpdftex.

("C:\Program Files\MiKTeX 2.9\tex\latex\hyperref\hpdftex.def"
File: hpdftex.def 2016/06/24 v6.83q Hyperref driver for pdfTeX
\Fld@listcount=\count129
\c@bookmark@seq@number=\count130

("C:\Program Files\MiKTeX 2.9\tex\latex\oberdiek\rerunfilecheck.sty"
Package: rerunfilecheck 2016/05/16 v1.8 Rerun checks for auxiliary files (HO)
Package uniquecounter Info: New unique counter `rerunfilecheck' on input line 2
82.
)
\Hy@SectionHShift=\skip64
)
("C:\Program Files\MiKTeX 2.9\tex\latex\graphics\graphicx.sty"
Package: graphicx 2014/10/28 v1.0g Enhanced LaTeX Graphics (DPC,SPQR)

("C:\Program Files\MiKTeX 2.9\tex\latex\graphics\graphics.sty"
Package: graphics 2016/07/10 v1.0t Standard LaTeX Graphics (DPC,SPQR)

("C:\Program Files\MiKTeX 2.9\tex\latex\graphics\trig.sty"
Package: trig 2016/01/03 v1.10 sin cos tan (DPC)
)
("C:\Program Files\MiKTeX 2.9\tex\latex\graphics-cfg\graphics.cfg"
File: graphics.cfg 2016/06/04 v1.11 sample graphics configuration
)
Package graphics Info: Driver file: pdftex.def on input line 99.

("C:\Program Files\MiKTeX 2.9\tex\latex\graphics-def\pdftex.def"
File: pdftex.def 2016/07/10 v0.06j Graphics/color for pdfTeX
\Gread@gobject=\count131
))
\Gin@req@height=\dimen159
\Gin@req@width=\dimen160
)
("C:\Program Files\MiKTeX 2.9\tex\latex\wrapfig\wrapfig.sty"
\wrapoverhang=\dimen161
\WF@size=\dimen162
\c@WF@wrappedlines=\count132
\WF@box=\box30
\WF@everypar=\toks19
Package: wrapfig 2003/01/31  v 3.6
)
("C:\Program Files\MiKTeX 2.9\tex\latex\amsmath\amsmath.sty"
Package: amsmath 2016/06/28 v2.15d AMS math features
\@mathmargin=\skip65

For additional information on amsmath, use the `?' option.
("C:\Program Files\MiKTeX 2.9\tex\latex\amsmath\amstext.sty"
Package: amstext 2000/06/29 v2.01 AMS text

("C:\Program Files\MiKTeX 2.9\tex\latex\amsmath\amsgen.sty"
File: amsgen.sty 1999/11/30 v2.0 generic functions
\@emptytoks=\toks20
\ex@=\dimen163
))
("C:\Program Files\MiKTeX 2.9\tex\latex\amsmath\amsbsy.sty"
Package: amsbsy 1999/11/29 v1.2d Bold Symbols
\pmbraise@=\dimen164
)
("C:\Program Files\MiKTeX 2.9\tex\latex\amsmath\amsopn.sty"
Package: amsopn 2016/03/08 v2.02 operator names
)
\inf@bad=\count133
LaTeX Info: Redefining \frac on input line 199.
\uproot@=\count134
\leftroot@=\count135
LaTeX Info: Redefining \overline on input line 297.
\classnum@=\count136
\DOTSCASE@=\count137
LaTeX Info: Redefining \ldots on input line 394.
LaTeX Info: Redefining \dots on input line 397.
LaTeX Info: Redefining \cdots on input line 518.
\Mathstrutbox@=\box31
\strutbox@=\box32
\big@size=\dimen165
LaTeX Font Info:    Redeclaring font encoding OML on input line 634.
LaTeX Font Info:    Redeclaring font encoding OMS on input line 635.
\macc@depth=\count138
\c@MaxMatrixCols=\count139
\dotsspace@=\muskip11
\c@parentequation=\count140
\dspbrk@lvl=\count141
\tag@help=\toks21
\row@=\count142
\column@=\count143
\maxfields@=\count144
\andhelp@=\toks22
\eqnshift@=\dimen166
\alignsep@=\dimen167
\tagshift@=\dimen168
\tagwidth@=\dimen169
\totwidth@=\dimen170
\lineht@=\dimen171
\@envbody=\toks23
\multlinegap=\skip66
\multlinetaggap=\skip67
\mathdisplay@stack=\toks24
LaTeX Info: Redefining \[ on input line 2739.
LaTeX Info: Redefining \] on input line 2740.
)
("C:\Program Files\MiKTeX 2.9\tex\latex\xcolor\xcolor.sty"
Package: xcolor 2016/05/11 v2.12 LaTeX color extensions (UK)

("C:\Program Files\MiKTeX 2.9\tex\latex\graphics-cfg\color.cfg"
File: color.cfg 2016/01/02 v1.6 sample color configuration
)
Package xcolor Info: Driver file: pdftex.def on input line 225.
Package xcolor Info: Model `cmy' substituted by `cmy0' on input line 1348.
Package xcolor Info: Model `hsb' substituted by `rgb' on input line 1352.
Package xcolor Info: Model `RGB' extended on input line 1364.
Package xcolor Info: Model `HTML' substituted by `rgb' on input line 1366.
Package xcolor Info: Model `Hsb' substituted by `hsb' on input line 1367.
Package xcolor Info: Model `tHsb' substituted by `hsb' on input line 1368.
Package xcolor Info: Model `HSB' substituted by `hsb' on input line 1369.
Package xcolor Info: Model `Gray' substituted by `gray' on input line 1370.
Package xcolor Info: Model `wave' substituted by `hsb' on input line 1371.

("C:\Program Files\MiKTeX 2.9\tex\latex\graphics\dvipsnam.def"
File: dvipsnam.def 2016/06/17 v3.0m Driver-dependent file (DPC,SPQR)
))
("C:\Program Files\MiKTeX 2.9\tex\latex\listings\listings.sty"
\lst@mode=\count145
\lst@gtempboxa=\box33
\lst@token=\toks25
\lst@length=\count146
\lst@currlwidth=\dimen172
\lst@column=\count147
\lst@pos=\count148
\lst@lostspace=\dimen173
\lst@width=\dimen174
\lst@newlines=\count149
\lst@lineno=\count150
\lst@maxwidth=\dimen175

("C:\Program Files\MiKTeX 2.9\tex\latex\listings\lstmisc.sty"
File: lstmisc.sty 2018/09/02 1.7 (Carsten Heinz)
\c@lstnumber=\count151
\lst@skipnumbers=\count152
\lst@framebox=\box34
)
("C:\Program Files\MiKTeX 2.9\tex\latex\listings\listings.cfg"
File: listings.cfg 2018/09/02 1.7 listings configuration
))
Package: listings 2018/09/02 1.7 (Carsten Heinz)

("C:\Program Files\MiKTeX 2.9\tex\latex\caption\subcaption.sty"
Package: subcaption 2016/05/22 v1.1-161 Sub-captions (AR)
\c@subfigure=\count153
\c@subtable=\count154
)
("C:\Program Files\MiKTeX 2.9\tex\latex\pdfpages\pdfpages.sty"
Package: pdfpages 2017/10/31 v0.5l Insert pages of external PDF documents (AM)

("C:\Program Files\MiKTeX 2.9\tex\latex\base\ifthen.sty"
Package: ifthen 2014/09/29 v1.1c Standard LaTeX ifthen package (DPC)
)
("C:\Program Files\MiKTeX 2.9\tex\latex\tools\calc.sty"
Package: calc 2014/10/28 v4.3 Infix arithmetic (KKT,FJ)
\calc@Acount=\count155
\calc@Bcount=\count156
\calc@Adimen=\dimen176
\calc@Bdimen=\dimen177
\calc@Askip=\skip68
\calc@Bskip=\skip69
LaTeX Info: Redefining \setlength on input line 80.
LaTeX Info: Redefining \addtolength on input line 81.
\calc@Ccount=\count157
\calc@Cskip=\skip70
)
("C:\Program Files\MiKTeX 2.9\tex\latex\eso-pic\eso-pic.sty"
Package: eso-pic 2018/04/12 v2.0h eso-pic (RN)
)
\AM@pagewidth=\dimen178
\AM@pageheight=\dimen179

("C:\Program Files\MiKTeX 2.9\tex\latex\pdfpages\pppdftex.def"
File: pppdftex.def 2017/10/31 v0.5l Pdfpages driver for pdfTeX (AM)
)
\AM@pagebox=\box35
\AM@global@opts=\toks26
\AM@toc@title=\toks27
\c@AM@survey=\count158
\AM@templatesizebox=\box36
)
("C:\Program Files\MiKTeX 2.9\tex\latex\tools\array.sty"
Package: array 2014/10/28 v2.4c Tabular extension package (FMi)
\col@sep=\dimen180
\extrarowheight=\dimen181
\NC@list=\toks28
\extratabsurround=\skip71
\backup@length=\skip72
)
("C:\Program Files\MiKTeX 2.9\tex\latex\multirow\multirow.sty"
Package: multirow 2016/10/11 v2.1 Span multiple rows of a table
\multirow@colwidth=\skip73
\multirow@cnta=\count159
\multirow@cntb=\count160
\multirow@dima=\skip74
\bigstrutjot=\dimen182
)
("C:\Program Files\MiKTeX 2.9\tex\latex\tools\multicol.sty"
Package: multicol 2016/04/07 v1.8p multicolumn formatting (FMi)
\c@tracingmulticols=\count161


Package multicol Warning: May not work with the twocolumn option on input line 
134.

\mult@box=\box37
\multicol@leftmargin=\dimen183
\c@unbalance=\count162
\c@collectmore=\count163
\doublecol@number=\count164
\multicoltolerance=\count165
\multicolpretolerance=\count166
\full@width=\dimen184
\page@free=\dimen185
\premulticols=\dimen186
\postmulticols=\dimen187
\multicolsep=\skip75
\multicolbaselineskip=\skip76
\partial@page=\box38
\last@line=\box39
\maxbalancingoverflow=\dimen188
\mult@rightbox=\box40
\mult@grightbox=\box41
\mult@gfirstbox=\box42
\mult@firstbox=\box43
\@tempa=\box44
\@tempa=\box45
\@tempa=\box46
\@tempa=\box47
\@tempa=\box48
\@tempa=\box49
\@tempa=\box50
\@tempa=\box51
\@tempa=\box52
\@tempa=\box53
\@tempa=\box54
\@tempa=\box55
\@tempa=\box56
\@tempa=\box57
\@tempa=\box58
\@tempa=\box59
\@tempa=\box60
\c@columnbadness=\count167
\c@finalcolumnbadness=\count168
\last@try=\dimen189
\multicolovershoot=\dimen190
\multicolundershoot=\dimen191
\mult@nat@firstbox=\box61
\colbreak@box=\box62
\mc@col@check@num=\count169
) ("C:\Program Files\MiKTeX 2.9\tex\latex\sttools\stfloats.sty"
Package: stfloats 2017/03/27 v3.3 Improve float mechanism and baselineskip sett
ings
\@dblbotnum=\count170
\c@dblbotnumber=\count171
) (finalrep2.aux)
\openout1 = `finalrep2.aux'.

LaTeX Font Info:    Checking defaults for OML/cmm/m/it on input line 126.
LaTeX Font Info:    ... okay on input line 126.
LaTeX Font Info:    Checking defaults for T1/cmr/m/n on input line 126.
LaTeX Font Info:    ... okay on input line 126.
LaTeX Font Info:    Checking defaults for OT1/cmr/m/n on input line 126.
LaTeX Font Info:    ... okay on input line 126.
LaTeX Font Info:    Checking defaults for OMS/cmsy/m/n on input line 126.
LaTeX Font Info:    ... okay on input line 126.
LaTeX Font Info:    Checking defaults for OMX/cmex/m/n on input line 126.
LaTeX Font Info:    ... okay on input line 126.
LaTeX Font Info:    Checking defaults for U/cmr/m/n on input line 126.
LaTeX Font Info:    ... okay on input line 126.
LaTeX Font Info:    Checking defaults for PD1/pdf/m/n on input line 126.
LaTeX Font Info:    ... okay on input line 126.
LaTeX Font Info:    Try loading font information for T1+pplx on input line 126.

 ("C:\Program Files\MiKTeX 2.9\tex\latex\psnfss\t1pplx.fd"
File: t1pplx.fd 2004/09/06 font definitions for T1/pplx.
)
LaTeX Info: Redefining \microtypecontext on input line 126.
Package microtype Info: Generating PDF output.
Package microtype Info: Character protrusion enabled (level 2).
Package microtype Info: Using default protrusion set `alltext'.
Package microtype Info: Automatic font expansion enabled (level 2),
(microtype)             stretch: 20, shrink: 20, step: 1, non-selected.
Package microtype Info: Using default expansion set `basictext'.
Package microtype Info: No adjustment of tracking.
Package microtype Info: No adjustment of interword spacing.
Package microtype Info: No adjustment of character kerning.

("C:\Program Files\MiKTeX 2.9\tex\latex\microtype\mt-ppl.cfg"
File: mt-ppl.cfg 2005/11/16 v1.6 microtype config. file: Palatino (RS)
)
*geometry* driver: auto-detecting
*geometry* detected driver: pdftex
*geometry* verbose mode - [ preamble ] result:
* driver: pdftex
* paper: <default>
* layout: <same size as paper>
* layoutoffset:(h,v)=(0.0pt,0.0pt)
* hratio: 1:1
* modes: twoside 
* h-part:(L,W,R)=(71.13188pt, 472.03123pt, 71.13188pt)
* v-part:(T,H,B)=(71.13188pt, 628.44073pt, 95.39737pt)
* \paperwidth=614.295pt
* \paperheight=794.96999pt
* \textwidth=472.03123pt
* \textheight=628.44073pt
* \oddsidemargin=-1.1381pt
* \evensidemargin=-1.1381pt
* \topmargin=-38.1381pt
* \headheight=12.0pt
* \headsep=25.0pt
* \topskip=12.0pt
* \footskip=30.0pt
* \marginparwidth=48.0pt
* \marginparsep=10.0pt
* \columnsep=20.0pt
* \skip\footins=10.8pt plus 4.0pt minus 2.0pt
* \hoffset=0.0pt
* \voffset=0.0pt
* \mag=1000
* \@twocolumntrue
* \@twosidetrue
* \@mparswitchtrue
* \@reversemarginfalse
* (1in=72.27pt=25.4mm, 1cm=28.453pt)

Package caption Info: Begin \AtBeginDocument code.
Package caption Info: hyperref package is loaded.
Package caption Info: listings package is loaded.
Package caption Info: wrapfig package is loaded.
Package caption Info: End \AtBeginDocument code.
\AtBeginShipoutBox=\box63
Package hyperref Info: Link coloring OFF on input line 126.
("C:\Program Files\MiKTeX 2.9\tex\latex\hyperref\nameref.sty"
Package: nameref 2016/05/21 v2.44 Cross-referencing by name of section

("C:\Program Files\MiKTeX 2.9\tex\generic\oberdiek\gettitlestring.sty"
Package: gettitlestring 2016/05/16 v1.5 Cleanup title references (HO)
)
\c@section@level=\count172
)
LaTeX Info: Redefining \ref on input line 126.
LaTeX Info: Redefining \pageref on input line 126.
LaTeX Info: Redefining \nameref on input line 126.

(finalrep2.out) (finalrep2.out)
\@outlinefile=\write3
\openout3 = `finalrep2.out'.


("C:\Program Files\MiKTeX 2.9\tex\context\base\supp-pdf.mkii"
[Loading MPS to PDF converter (version 2006.09.02).]
\scratchcounter=\count173
\scratchdimen=\dimen192
\scratchbox=\box64
\nofMPsegments=\count174
\nofMParguments=\count175
\everyMPshowfont=\toks29
\MPscratchCnt=\count176
\MPscratchDim=\dimen193
\MPnumerator=\count177
\makeMPintoPDFobject=\count178
\everyMPtoPDFconversion=\toks30
) ("C:\Program Files\MiKTeX 2.9\tex\latex\oberdiek\epstopdf-base.sty"
Package: epstopdf-base 2016/05/15 v2.6 Base part for package epstopdf

("C:\Program Files\MiKTeX 2.9\tex\latex\oberdiek\grfext.sty"
Package: grfext 2016/05/16 v1.2 Manage graphics extensions (HO)
)
Package epstopdf-base Info: Redefining graphics rule for `.eps' on input line 4
38.
Package grfext Info: Graphics extension search list:
(grfext)             [.png,.pdf,.jpg,.mps,.jpeg,.jbig2,.jb2,.PNG,.PDF,.JPG,.JPE
G,.JBIG2,.JB2,.eps]
(grfext)             \AppendGraphicsExtensions on input line 456.
)
\c@lstlisting=\count179

("C:\Program Files\MiKTeX 2.9\tex\latex\oberdiek\pdflscape.sty"
Package: pdflscape 2016/05/14 v0.11 Display of landscape pages in PDF (HO)

("C:\Program Files\MiKTeX 2.9\tex\latex\graphics\lscape.sty"
Package: lscape 2000/10/22 v3.01 Landscape Pages (DPC)
)
Package pdflscape Info: Auto-detected driver: pdftex on input line 81.
)
LaTeX Font Info:    Font shape `T1/pplx/bx/n' in size <24.88> not available
(Font)              Font shape `T1/pplx/b/n' tried instead on input line 130.
LaTeX Font Info:    Try loading font information for OT1+pplx on input line 130
.

("C:\Program Files\MiKTeX 2.9\tex\latex\psnfss\ot1pplx.fd"
File: ot1pplx.fd 2004/09/06 font definitions for OT1/pplx.
)
LaTeX Font Info:    Try loading font information for OML+zplm on input line 130
.

("C:\Program Files\MiKTeX 2.9\tex\latex\psnfss\omlzplm.fd"
File: omlzplm.fd 2002/09/08 Fontinst v1.914 font definitions for OML/zplm.
)
LaTeX Font Info:    Try loading font information for OMS+zplm on input line 130
.

("C:\Program Files\MiKTeX 2.9\tex\latex\psnfss\omszplm.fd"
File: omszplm.fd 2002/09/08 Fontinst v1.914 font definitions for OMS/zplm.
)
LaTeX Font Info:    Try loading font information for OMX+zplm on input line 130
.

("C:\Program Files\MiKTeX 2.9\tex\latex\psnfss\omxzplm.fd"
File: omxzplm.fd 2002/09/08 Fontinst v1.914 font definitions for OMX/zplm.
)
LaTeX Font Info:    Try loading font information for OT1+zplm on input line 130
.

("C:\Program Files\MiKTeX 2.9\tex\latex\psnfss\ot1zplm.fd"
File: ot1zplm.fd 2002/09/08 Fontinst v1.914 font definitions for OT1/zplm.
)
Package microtype Info: Loading generic settings for font family
(microtype)             `zplm' (encoding: OT1).
(microtype)             For optimal results, create family-specific settings.
(microtype)             See the microtype manual for details.
Package microtype Info: Character `029' is missing
(microtype)             in font `T1/pplx/m/sc/14.4'.
(microtype)             Ignoring protrusion settings for this character.

Underfull \hbox (badness 10000) in paragraph at lines 135--160

 []


Underfull \hbox (badness 10000) in paragraph at lines 135--160

 []


Underfull \hbox (badness 10000) in paragraph at lines 135--160

 []


Underfull \hbox (badness 10000) in paragraph at lines 135--160

 []


Underfull \hbox (badness 1337) in paragraph at lines 135--160
\T1/pplx/m/n/12 (+20) Numerous prob-lems were found in the old com-mu-ni-ca-tio
ns meth-ods be-tween
 []


Underfull \hbox (badness 10000) in paragraph at lines 135--160

 []


Underfull \hbox (badness 10000) in paragraph at lines 135--160

 []


Underfull \hbox (badness 10000) in paragraph at lines 135--160

 []


Underfull \hbox (badness 10000) in paragraph at lines 135--160

 []

[1


{C:/ProgramData/MiKTeX/2.9/pdftex/config/pdftex.map}]

Package Fancyhdr Warning: \headheight is too small (12.0pt): 
 Make it at least 14.49998pt.
 We now make it that large for the rest of the document.
 This may cause the page layout to be inconsistent, however.

[2] (finalrep2.toc
LaTeX Font Info:    Font shape `T1/pplx/bx/n' in size <12> not available
(Font)              Font shape `T1/pplx/b/n' tried instead on input line 2.


Package Fancyhdr Warning: \headheight is too small (12.0pt): 
 Make it at least 14.49998pt.
 We now make it that large for the rest of the document.
 This may cause the page layout to be inconsistent, however.

[3

]
Overfull \hbox (0.672pt too wide) detected at line 32
\T1/pplx/b/n/12 VII 
 []


Overfull \hbox (5.34pt too wide) detected at line 41
\T1/pplx/b/n/12 VIII 
 []

)
\tf@toc=\write4
\openout4 = `finalrep2.toc'.



Package Fancyhdr Warning: \headheight is too small (12.0pt): 
 Make it at least 14.49998pt.
 We now make it that large for the rest of the document.
 This may cause the page layout to be inconsistent, however.

[4] <images/first.jpg, id=269, 204.16275pt x 322.20375pt>
File: images/first.jpg Graphic file (type jpg)

<use images/first.jpg>
Package pdftex.def Info: images/first.jpg used on input line 173.
(pdftex.def)             Requested size: 153.41139pt x 213.40242pt.
LaTeX Font Info:    Font shape `T1/pplx/bx/n' in size <10.95> not available
(Font)              Font shape `T1/pplx/b/n' tried instead on input line 174.

<images/old_unicycle.png, id=272, 302.01253pt x 417.64453pt>
File: images/old_unicycle.png Graphic file (type png)

<use images/old_unicycle.png>
Package pdftex.def Info: images/old_unicycle.png used on input line 178.
(pdftex.def)             Requested size: 153.41144pt x 213.39099pt.
Package microtype Info: Character `029' is missing
(microtype)             in font `T1/pplx/m/sc/12'.
(microtype)             Ignoring protrusion settings for this character.

Underfull \vbox (badness 10000) has occurred while \output is active []


Underfull \vbox (badness 10000) has occurred while \output is active []



Package Fancyhdr Warning: \headheight is too small (12.0pt): 
 Make it at least 14.49998pt.
 We now make it that large for the rest of the document.
 This may cause the page layout to be inconsistent, however.

[5


 <./images/first.jpg> <./images/old_unicycle.png>]
<images/other1.png, id=301, 357.58594pt x 514.92375pt>
File: images/other1.png Graphic file (type png)
 <use images/other1.png>
Package pdftex.def Info: images/other1.png used on input line 214.
(pdftex.def)             Requested size: 153.40974pt x 213.3908pt.

<images/other3.jpg, id=304, 249.03038pt x 362.25337pt>
File: images/other3.jpg Graphic file (type jpg)
 <use images/other3.jpg>
Package pdftex.def Info: images/other3.jpg used on input line 219.
(pdftex.def)             Requested size: 153.41685pt x 213.39597pt.

Overfull \hbox (38.59564pt too wide) in paragraph at lines 220--220
[][]|\T1/pplx/m/it/10.95 (-20) [[]]| 
 []


Underfull \hbox (badness 1721) in paragraph at lines 200--226
\T1/pplx/m/n/12 (+20) Work has been con-ducted on robotic
 []


Underfull \hbox (badness 10000) in paragraph at lines 200--226
\T1/pplx/m/n/12 (+20) uni-cy-cles within the en-gi-neer-ing
 []


Underfull \hbox (badness 6542) in paragraph at lines 200--226
\T1/pplx/m/n/12 (+20) De-part-ment on and off since 2005
 []


Underfull \hbox (badness 2197) in paragraph at lines 200--226
\T1/pplx/m/n/12 (+20) wheel mo-tor and hor-i-zon-tal fly-wheel
 []


Underfull \hbox (badness 1019) in paragraph at lines 200--226
\T1/pplx/m/n/12 (+20) fly-wheel in the hor-i-zon-tal plane rater
 []


Underfull \hbox (badness 1292) in paragraph at lines 200--226
\T1/pplx/m/n/12 (+20) In 2010 Mchutchon [[]]
 []


Underfull \hbox (badness 1275) in paragraph at lines 200--226
\T1/pplx/m/n/12 (+20) ap-plied the RMLC (Re-in-forced Model
 []


Underfull \hbox (badness 1655) in paragraph at lines 200--226
\T1/pplx/m/n/12 (+20) and archived bal-anc-ing of a uni-cy-cle
 []


Underfull \hbox (badness 10000) in paragraph at lines 200--226
\T1/pplx/m/n/12 (+20) and Dou-glass [[]] were
 []


Underfull \hbox (badness 1117) in paragraph at lines 200--226
\T1/pplx/m/n/12 (+20) us-age and the need to limit the uni-
 []


Underfull \hbox (badness 1521) in paragraph at lines 200--226
\T1/pplx/m/n/12 (+20) done was by at-tach-ing to bike racks
 []


Underfull \hbox (badness 2418) in paragraph at lines 200--226
\T1/pplx/m/n/12 (+20) [[]] or sus-pend-ing
 []


Underfull \hbox (badness 1087) in paragraph at lines 200--226
\T1/pplx/m/n/12 (+20) creased safety of the smaller uni-cy-cle
 []


Underfull \hbox (badness 1303) in paragraph at lines 200--226
\T1/pplx/m/n/12 (+20) more eas-ily. Prob-lems bal-anc-ing the
 []


Underfull \vbox (badness 10000) has occurred while \output is active []



Package Fancyhdr Warning: \headheight is too small (12.0pt): 
 Make it at least 14.49998pt.
 We now make it that large for the rest of the document.
 This may cause the page layout to be inconsistent, however.

[6]
Underfull \hbox (badness 1348) in paragraph at lines 229--234
\T1/pplx/m/n/12 (+20) hori-zonal fly-wheel can still be found.
 []


Underfull \vbox (badness 10000) has occurred while \output is active []



Package Fancyhdr Warning: \headheight is too small (12.0pt): 
 Make it at least 14.49998pt.
 We now make it that large for the rest of the document.
 This may cause the page layout to be inconsistent, however.

[7]

Package Fancyhdr Warning: \headheight is too small (12.0pt): 
 Make it at least 14.49998pt.
 We now make it that large for the rest of the document.
 This may cause the page layout to be inconsistent, however.

[8

 <./images/other1.png> <./images/other3.jpg>]
<images/end_labled2.png, id=336, 507.8975pt x 794.97pt>
File: images/end_labled2.png Graphic file (type png)

<use images/end_labled2.png>
Package pdftex.def Info: images/end_labled2.png used on input line 249.
(pdftex.def)             Requested size: 91.33649pt x 142.95499pt.

<images/side_labled.png, id=337, 620.3175pt x 782.925pt>
File: images/side_labled.png Graphic file (type png)

<use images/side_labled.png>
Package pdftex.def Info: images/side_labled.png used on input line 253.
(pdftex.def)             Requested size: 108.33467pt x 136.7272pt.


Package Fancyhdr Warning: \headheight is too small (12.0pt): 
 Make it at least 14.49998pt.
 We now make it that large for the rest of the document.
 This may cause the page layout to be inconsistent, however.

[9


 <./images/end_labled2.png> <./images/side_labled.png>]
<images/gp.jpg, id=351, 1053.9375pt x 708.39656pt>
File: images/gp.jpg Graphic file (type jpg)
 <use images/gp.jpg>
Package pdftex.def Info: images/gp.jpg used on input line 295.
(pdftex.def)             Requested size: 226.01561pt x 151.91315pt.
LaTeX Font Info:    Try loading font information for U+fplmbb on input line 303
.

("C:\Program Files\MiKTeX 2.9\tex\latex\psnfss\ufplmbb.fd"
File: ufplmbb.fd 2003/10/30 Fontinst v1.914 font definitions for U/fplmbb.
)

Package Fancyhdr Warning: \headheight is too small (12.0pt): 
 Make it at least 14.49998pt.
 We now make it that large for the rest of the document.
 This may cause the page layout to be inconsistent, however.

[10 <./images/gp.jpg>] <images/u2.jpg, id=365, 260.47313pt x 156.585pt>
File: images/u2.jpg Graphic file (type jpg)

<use images/u2.jpg>
Package pdftex.def Info: images/u2.jpg used on input line 332.
(pdftex.def)             Requested size: 236.01561pt x 141.88329pt.
 <images/loss2.jpg, id=366, 256.70906pt x 169.38281pt>
File: images/loss2.jpg Graphic file (type jpg)

<use images/loss2.jpg>
Package pdftex.def Info: images/loss2.jpg used on input line 337.
(pdftex.def)             Requested size: 236.01561pt x 155.73068pt.

Overfull \hbox (10.0pt too wide) in paragraph at lines 331--341
 [][] 
 []


Overfull \hbox (10.0pt too wide) in paragraph at lines 331--341
 [] 
 []


Package Fancyhdr Warning: \headheight is too small (12.0pt): 
 Make it at least 14.49998pt.
 We now make it that large for the rest of the document.
 This may cause the page layout to be inconsistent, however.

[11 <./images/u2.jpg> <./images/loss2.jpg>]

Package Fancyhdr Warning: \headheight is too small (12.0pt): 
 Make it at least 14.49998pt.
 We now make it that large for the rest of the document.
 This may cause the page layout to be inconsistent, however.

[12] <images/uni_old_mech.jpg, id=382, 1257.69875pt x 1677.26625pt>
File: images/uni_old_mech.jpg Graphic file (type jpg)

<use images/uni_old_mech.jpg>
Package pdftex.def Info: images/uni_old_mech.jpg used on input line 377.
(pdftex.def)             Requested size: 153.39296pt x 213.39433pt.
 <images/old1.png, id=383, 283.0575pt x 385.44pt>
File: images/old1.png Graphic file (type png)

<use images/old1.png>
Package pdftex.def Info: images/old1.png used on input line 382.
(pdftex.def)             Requested size: 153.41025pt x 213.39241pt.
 <images/old2.png, id=386, 254.1495pt x 385.13887pt>
File: images/old2.png Graphic file (type png)

<use images/old2.png>
Package pdftex.def Info: images/old2.png used on input line 387.
(pdftex.def)             Requested size: 153.40996pt x 213.40198pt.

Underfull \vbox (badness 10000) has occurred while \output is active []


Underfull \vbox (badness 10000) has occurred while \output is active []



Package Fancyhdr Warning: \headheight is too small (12.0pt): 
 Make it at least 14.49998pt.
 We now make it that large for the rest of the document.
 This may cause the page layout to be inconsistent, however.

[13


 <./images/uni_old_mech.jpg> <./images/old1.png> <./images/old2.png>]
<images/pilco.jpg, id=403, 1153.30875pt x 584.1825pt>
File: images/pilco.jpg Graphic file (type jpg)
 <use images/pilco.jpg>
Package pdftex.def Info: images/pilco.jpg used on input line 414.
(pdftex.def)             Requested size: 472.03123pt x 239.09741pt.
LaTeX Font Info:    Try loading font information for OMS+pplx on input line 422
.
LaTeX Font Info:    No file OMSpplx.fd. on input line 422.


LaTeX Font Warning: Font shape `OMS/pplx/m/n' undefined
(Font)              using `OMS/cmsy/m/n' instead
(Font)              for symbol `textbullet' on input line 422.


Package Fancyhdr Warning: \headheight is too small (12.0pt): 
 Make it at least 14.49998pt.
 We now make it that large for the rest of the document.
 This may cause the page layout to be inconsistent, however.

[14]
Underfull \hbox (badness 1635) in paragraph at lines 427--428
[]\T1/pplx/m/n/12 (+20) Policy struc-ture, and op-ti-mi-sa-tion
 []


Underfull \vbox (badness 10000) has occurred while \output is active []


Underfull \hbox (badness 1286) in paragraph at lines 436--446
\T1/pplx/m/n/12 (+20) an-i-ma-tion can be per-formed by right
 []


Package Fancyhdr Warning: \headheight is too small (12.0pt): 
 Make it at least 14.49998pt.
 We now make it that large for the rest of the document.
 This may cause the page layout to be inconsistent, however.

[15 <./images/pilco.jpg>]
Underfull \vbox (badness 10000) has occurred while \output is active []


Underfull \hbox (badness 1412) in paragraph at lines 446--447
[]\T1/pplx/m/n/12 (+20) system(mypi, 'sudo python m/en-
 []


Package Fancyhdr Warning: \headheight is too small (12.0pt): 
 Make it at least 14.49998pt.
 We now make it that large for the rest of the document.
 This may cause the page layout to be inconsistent, however.

[16] <images/average_angle.jpg, id=422, 420.82219pt x 296.60812pt>
File: images/average_angle.jpg Graphic file (type jpg)

<use images/average_angle.jpg>
Package pdftex.def Info: images/average_angle.jpg used on input line 458.
(pdftex.def)             Requested size: 153.4087pt x 108.12755pt.

<images/disp_angle.jpg, id=423, 420.82219pt x 295.1025pt>
File: images/disp_angle.jpg Graphic file (type jpg)

<use images/disp_angle.jpg>
Package pdftex.def Info: images/disp_angle.jpg used on input line 463.
(pdftex.def)             Requested size: 153.4087pt x 107.57867pt.

<images/average_angle_loss.jpg, id=424, 420.82219pt x 296.60812pt>
File: images/average_angle_loss.jpg Graphic file (type jpg)

<use images/average_angle_loss.jpg>
Package pdftex.def Info: images/average_angle_loss.jpg used on input line 468.
(pdftex.def)             Requested size: 153.4087pt x 108.12755pt.

<images/all_angle.jpg, id=428, 420.82219pt x 296.60812pt>
File: images/all_angle.jpg Graphic file (type jpg)

<use images/all_angle.jpg>
Package pdftex.def Info: images/all_angle.jpg used on input line 492.
(pdftex.def)             Requested size: 236.01561pt x 166.35286pt.

<images/all_wheel.jpg, id=429, 420.06938pt x 295.85532pt>
File: images/all_wheel.jpg Graphic file (type jpg)

<use images/all_wheel.jpg>
Package pdftex.def Info: images/all_wheel.jpg used on input line 498.
(pdftex.def)             Requested size: 236.01561pt x 166.22408pt.

Overfull \hbox (10.0pt too wide) in paragraph at lines 491--502
 [][]  
 []


Overfull \hbox (10.0pt too wide) in paragraph at lines 491--502
 [] 
 []


Underfull \vbox (badness 10000) has occurred while \output is active []


Underfull \vbox (badness 10000) has occurred while \output is active []



Package Fancyhdr Warning: \headheight is too small (12.0pt): 
 Make it at least 14.49998pt.
 We now make it that large for the rest of the document.
 This may cause the page layout to be inconsistent, however.

[17


 <./images/average_angle.jpg> <./images/disp_angle.jpg> <./images/average_angle
_loss.jpg>]

LaTeX Warning: `!h' float specifier changed to `!ht'.


Underfull \vbox (badness 10000) has occurred while \output is active []


Underfull \vbox (badness 4303) has occurred while \output is active []



Package Fancyhdr Warning: \headheight is too small (12.0pt): 
 Make it at least 14.49998pt.
 We now make it that large for the rest of the document.
 This may cause the page layout to be inconsistent, however.

[18 <./images/all_angle.jpg> <./images/all_wheel.jpg>]
<images/disp_wheel.jpg, id=442, 420.82219pt x 296.60812pt>
File: images/disp_wheel.jpg Graphic file (type jpg)

<use images/disp_wheel.jpg>
Package pdftex.def Info: images/disp_wheel.jpg used on input line 512.
(pdftex.def)             Requested size: 226.01561pt x 159.30154pt.


Package Fancyhdr Warning: \headheight is too small (12.0pt): 
 Make it at least 14.49998pt.
 We now make it that large for the rest of the document.
 This may cause the page layout to be inconsistent, however.

[19 <./images/disp_wheel.jpg>]
<images/all_ts.jpg, id=451, 420.82219pt x 297.36093pt>
File: images/all_ts.jpg Graphic file (type jpg)
 <use images/all_ts.jpg>
Package pdftex.def Info: images/all_ts.jpg used on input line 531.
(pdftex.def)             Requested size: 236.01561pt x 166.77507pt.

<images/disp_ts.jpg, id=452, 420.82219pt x 296.60812pt>
File: images/disp_ts.jpg Graphic file (type jpg)

<use images/disp_ts.jpg>
Package pdftex.def Info: images/disp_ts.jpg used on input line 537.
(pdftex.def)             Requested size: 236.01561pt x 166.35286pt.

Overfull \hbox (10.0pt too wide) in paragraph at lines 530--541
 [][]  
 []


Overfull \hbox (10.0pt too wide) in paragraph at lines 530--541
 [] 
 []


Package Fancyhdr Warning: \headheight is too small (12.0pt): 
 Make it at least 14.49998pt.
 We now make it that large for the rest of the document.
 This may cause the page layout to be inconsistent, however.

[20 <./images/all_ts.jpg> <./images/disp_ts.jpg>]
<images/frontnewt.png, id=459, 1264.725pt x 1686.3pt>
File: images/frontnewt.png Graphic file (type png)

<use images/frontnewt.png>
Package pdftex.def Info: images/frontnewt.png used on input line 564.
(pdftex.def)             Requested size: 231.2979pt x 308.38403pt.

<images/sidenewt.png, id=460, 1264.725pt x 1686.3pt>
File: images/sidenewt.png Graphic file (type png)
 <use images/sidenewt.png>
Package pdftex.def Info: images/sidenewt.png used on input line 569.
(pdftex.def)             Requested size: 231.2979pt x 308.38403pt.

<images/backnewt.png, id=461, 1264.725pt x 1686.3pt>
File: images/backnewt.png Graphic file (type png)
 <use images/backnewt.png>
Package pdftex.def Info: images/backnewt.png used on input line 582.
(pdftex.def)             Requested size: 231.2979pt x 308.38403pt.

<images/botnewt.png, id=462, 1264.725pt x 1264.725pt>
File: images/botnewt.png Graphic file (type png)
 <use images/botnewt.png>
Package pdftex.def Info: images/botnewt.png used on input line 591.
(pdftex.def)             Requested size: 139.24248pt x 139.23596pt.

<images/topnewt.png, id=463, 1075.76906pt x 1075.01625pt>
File: images/topnewt.png Graphic file (type png)

<use images/topnewt.png>
Package pdftex.def Info: images/topnewt.png used on input line 599.
(pdftex.def)             Requested size: 139.24248pt x 139.13368pt.


LaTeX Warning: Float too large for page by 73.52731pt on input line 608.

<images/partst.png, id=464, 1846.64906pt x 1385.175pt>
File: images/partst.png Graphic file (type png)
 <use images/partst.png>
Package pdftex.def Info: images/partst.png used on input line 617.
(pdftex.def)             Requested size: 472.03123pt x 354.07097pt.

<images/buildt.png, id=465, 1846.64906pt x 1385.175pt>
File: images/buildt.png Graphic file (type png)
 <use images/buildt.png>
Package pdftex.def Info: images/buildt.png used on input line 623.
(pdftex.def)             Requested size: 283.22162pt x 212.43835pt.


LaTeX Warning: Float too large for page by 22.26857pt on input line 630.


Package Fancyhdr Warning: \headheight is too small (12.0pt): 
 Make it at least 14.49998pt.
 We now make it that large for the rest of the document.
 This may cause the page layout to be inconsistent, however.

[21 <./images/frontnewt.png> <./images/sidenewt.png> <./images/backnewt.png> <.
/images/botnewt.png> <./images/topnewt.png>]

Package Fancyhdr Warning: \headheight is too small (12.0pt): 
 Make it at least 14.49998pt.
 We now make it that large for the rest of the document.
 This may cause the page layout to be inconsistent, however.

[22 <./images/partst.png> <./images/buildt.png>]
<images/place.png, id=485, 963.6pt x 963.6pt>
File: images/place.png Graphic file (type png)
 <use images/place.png>
Package pdftex.def Info: images/place.png used on input line 649.
(pdftex.def)             Requested size: 226.01561pt x 226.00493pt.


Package Fancyhdr Warning: \headheight is too small (12.0pt): 
 Make it at least 14.49998pt.
 We now make it that large for the rest of the document.
 This may cause the page layout to be inconsistent, however.

[23



 <./images/place.png>]

Package Fancyhdr Warning: \headheight is too small (12.0pt): 
 Make it at least 14.49998pt.
 We now make it that large for the rest of the document.
 This may cause the page layout to be inconsistent, however.

[24]

Package Fancyhdr Warning: \headheight is too small (12.0pt): 
 Make it at least 14.49998pt.
 We now make it that large for the rest of the document.
 This may cause the page layout to be inconsistent, however.

[25]
Underfull \vbox (badness 10000) has occurred while \output is active []



Package Fancyhdr Warning: \headheight is too small (12.0pt): 
 Make it at least 14.49998pt.
 We now make it that large for the rest of the document.
 This may cause the page layout to be inconsistent, however.

[26]

Package Fancyhdr Warning: \headheight is too small (12.0pt): 
 Make it at least 14.49998pt.
 We now make it that large for the rest of the document.
 This may cause the page layout to be inconsistent, however.

[27]
Underfull \vbox (badness 10000) has occurred while \output is active []



Package Fancyhdr Warning: \headheight is too small (12.0pt): 
 Make it at least 14.49998pt.
 We now make it that large for the rest of the document.
 This may cause the page layout to be inconsistent, however.

[28]
Underfull \vbox (badness 10000) has occurred while \output is active []



Package Fancyhdr Warning: \headheight is too small (12.0pt): 
 Make it at least 14.49998pt.
 We now make it that large for the rest of the document.
 This may cause the page layout to be inconsistent, however.

[29


]

Package Fancyhdr Warning: \headheight is too small (12.0pt): 
 Make it at least 14.49998pt.
 We now make it that large for the rest of the document.
 This may cause the page layout to be inconsistent, however.

[30

] <images/timestep.jpg, id=539, 1405.25pt x 1053.9375pt>
File: images/timestep.jpg Graphic file (type jpg)

<use images/timestep.jpg>
Package pdftex.def Info: images/timestep.jpg used on input line 776.
(pdftex.def)             Requested size: 153.4087pt x 115.04898pt.
 <images/delay.jpg, id=540, 1405.25pt x 1053.9375pt>
File: images/delay.jpg Graphic file (type jpg)

<use images/delay.jpg>
Package pdftex.def Info: images/delay.jpg used on input line 781.
(pdftex.def)             Requested size: 153.4087pt x 115.04898pt.
 <images/both.jpg, id=541, 1405.25pt x 1053.9375pt>
File: images/both.jpg Graphic file (type jpg)

<use images/both.jpg>
Package pdftex.def Info: images/both.jpg used on input line 786.
(pdftex.def)             Requested size: 153.4087pt x 115.04898pt.

Underfull \vbox (badness 1616) has occurred while \output is active []



Package Fancyhdr Warning: \headheight is too small (12.0pt): 
 Make it at least 14.49998pt.
 We now make it that large for the rest of the document.
 This may cause the page layout to be inconsistent, however.

[31


 <./images/timestep.jpg> <./images/delay.jpg> <./images/both.jpg>]
<images/all3.jpg, id=553, 951.555pt x 749.04843pt>
File: images/all3.jpg Graphic file (type jpg)
 <use images/all3.jpg>
Package pdftex.def Info: images/all3.jpg used on input line 814.
(pdftex.def)             Requested size: 226.01561pt x 177.91228pt.

Underfull \hbox (badness 10000) in paragraph at lines 815--815
[][]|\T1/pplx/m/it/10.95 (+20) Ef-fect of chang-ing trans-mis-sion
 []


LaTeX Warning: `h' float specifier changed to `ht'.


Underfull \vbox (badness 10000) has occurred while \output is active []


Underfull \vbox (badness 10000) has occurred while \output is active []



Package Fancyhdr Warning: \headheight is too small (12.0pt): 
 Make it at least 14.49998pt.
 We now make it that large for the rest of the document.
 This may cause the page layout to be inconsistent, however.

[32 <./images/all3.jpg>]
<images/25ms_pi.jpg, id=564, 419.31656pt x 295.1025pt>
File: images/25ms_pi.jpg Graphic file (type jpg)

<use images/25ms_pi.jpg>
Package pdftex.def Info: images/25ms_pi.jpg used on input line 867.
(pdftex.def)             Requested size: 153.4087pt x 107.96141pt.

<images/50ms_pi.jpg, id=565, 418.56375pt x 296.60812pt>
File: images/50ms_pi.jpg Graphic file (type jpg)

<use images/50ms_pi.jpg>
Package pdftex.def Info: images/50ms_pi.jpg used on input line 872.
(pdftex.def)             Requested size: 153.4087pt x 108.70685pt.

<images/150ms_pi.jpg, id=566, 420.06938pt x 296.60812pt>
File: images/150ms_pi.jpg Graphic file (type jpg)

<use images/150ms_pi.jpg>
Package pdftex.def Info: images/150ms_pi.jpg used on input line 877.
(pdftex.def)             Requested size: 153.4087pt x 108.32216pt.

Overfull \hbox (1.0452pt too wide) in paragraph at lines 887--887
[] 
 []


Overfull \hbox (3.12184pt too wide) in paragraph at lines 891--891
[] 
 []


Package Fancyhdr Warning: \headheight is too small (12.0pt): 
 Make it at least 14.49998pt.
 We now make it that large for the rest of the document.
 This may cause the page layout to be inconsistent, however.

[33]
Underfull \vbox (badness 10000) has occurred while \output is active []


Underfull \vbox (badness 10000) has occurred while \output is active []



Package Fancyhdr Warning: \headheight is too small (12.0pt): 
 Make it at least 14.49998pt.
 We now make it that large for the rest of the document.
 This may cause the page layout to be inconsistent, however.

[34 <./images/25ms_pi.jpg> <./images/50ms_pi.jpg> <./images/150ms_pi.jpg>]
<images/50ms_udp.jpg, id=581, 420.82219pt x 296.60812pt>
File: images/50ms_udp.jpg Graphic file (type jpg)

<use images/50ms_udp.jpg>
Package pdftex.def Info: images/50ms_udp.jpg used on input line 922.
(pdftex.def)             Requested size: 226.01561pt x 159.30154pt.


Package Fancyhdr Warning: \headheight is too small (12.0pt): 
 Make it at least 14.49998pt.
 We now make it that large for the rest of the document.
 This may cause the page layout to be inconsistent, however.

[35 <./images/50ms_udp.jpg>]
<images/front_lab.jpg, id=588, 611.28375pt x 814.54312pt>
File: images/front_lab.jpg Graphic file (type jpg)

<use images/front_lab.jpg>
Package pdftex.def Info: images/front_lab.jpg used on input line 936.
(pdftex.def)             Requested size: 138.7921pt x 184.9429pt.

<images/hyperimu.jpg, id=589, 800.9925pt x 1320.43312pt>
File: images/hyperimu.jpg Graphic file (type jpg)

<use images/hyperimu.jpg>
Package pdftex.def Info: images/hyperimu.jpg used on input line 942.
(pdftex.def)             Requested size: 112.18707pt x 184.9429pt.
 <images/relt.png, id=590, 1264.725pt x 1686.3pt>
File: images/relt.png Graphic file (type png)

<use images/relt.png>
Package pdftex.def Info: images/relt.png used on input line 948.
(pdftex.def)             Requested size: 138.69562pt x 184.9429pt.


Package Fancyhdr Warning: \headheight is too small (12.0pt): 
 Make it at least 14.49998pt.
 We now make it that large for the rest of the document.
 This may cause the page layout to be inconsistent, however.

[36

 <./images/front_lab.jpg> <./images/hyperimu.jpg> <./images/relt.png>]

Package Fancyhdr Warning: \headheight is too small (12.0pt): 
 Make it at least 14.49998pt.
 We now make it that large for the rest of the document.
 This may cause the page layout to be inconsistent, however.

[37]

LaTeX Warning: Reference `' on page 38 undefined on input line 987.


Package Fancyhdr Warning: \headheight is too small (12.0pt): 
 Make it at least 14.49998pt.
 We now make it that large for the rest of the document.
 This may cause the page layout to be inconsistent, however.

[38


]
Overfull \hbox (3.24945pt too wide) in paragraph at lines 1003--1003
[][] 
 []


Overfull \hbox (2.88345pt too wide) in paragraph at lines 1010--1010
[][] 
 []


Overfull \hbox (2.88345pt too wide) in paragraph at lines 1017--1017
[][] 
 []


Package Fancyhdr Warning: \headheight is too small (12.0pt): 
 Make it at least 14.49998pt.
 We now make it that large for the rest of the document.
 This may cause the page layout to be inconsistent, however.

[39


]
Underfull \hbox (badness 3312) in paragraph at lines 1038--1049
\T1/pplx/m/n/12 (+20) Data com-mu-ni-ca-tion be-tween Mat-lab,
 []


Underfull \vbox (badness 10000) has occurred while \output is active []



Package Fancyhdr Warning: \headheight is too small (12.0pt): 
 Make it at least 14.49998pt.
 We now make it that large for the rest of the document.
 This may cause the page layout to be inconsistent, however.

[40


]
File: images/place.png Graphic file (type png)
 <use images/place.png>
Package pdftex.def Info: images/place.png used on input line 1064.
(pdftex.def)             Requested size: 472.0211pt x 227.6223pt.


Package Fancyhdr Warning: \headheight is too small (12.0pt): 
 Make it at least 14.49998pt.
 We now make it that large for the rest of the document.
 This may cause the page layout to be inconsistent, however.

[41]
Underfull \vbox (badness 10000) has occurred while \output is active []



Package Fancyhdr Warning: \headheight is too small (12.0pt): 
 Make it at least 14.49998pt.
 We now make it that large for the rest of the document.
 This may cause the page layout to be inconsistent, however.

[42]

Package Fancyhdr Warning: \headheight is too small (12.0pt): 
 Make it at least 14.49998pt.
 We now make it that large for the rest of the document.
 This may cause the page layout to be inconsistent, however.

[43]

Package Fancyhdr Warning: \headheight is too small (12.0pt): 
 Make it at least 14.49998pt.
 We now make it that large for the rest of the document.
 This may cause the page layout to be inconsistent, however.

[44

]
LaTeX Font Info:    Try loading font information for T1+cmtt on input line 1115
.
 ("C:\Program Files\MiKTeX 2.9\tex\latex\base\t1cmtt.fd"
File: t1cmtt.fd 2014/09/29 v2.5h Standard LaTeX font definitions
)
Package microtype Info: Loading generic settings for font family
(microtype)             `cmtt' (encoding: T1).
(microtype)             For optimal results, create family-specific settings.
(microtype)             See the microtype manual for details.

Underfull \hbox (badness 10000) in paragraph at lines 1113--1116
[]
 []


Underfull \hbox (badness 10000) in paragraph at lines 1113--1116
\T1/pplx/m/n/12 (+20) Mark Mel-lors and An-drew
 []


Underfull \hbox (badness 1735) in paragraph at lines 1113--1116
\T1/pplx/m/n/12 (+20) Lamb and J Ma-ciejowski. , 2005
 []


Underfull \hbox (badness 10000) in paragraph at lines 1118--1123
[]\T1/pplx/m/n/12 (+20) Neil D'Souza-
 []


Underfull \hbox (badness 1189) in paragraph at lines 1118--1123
\T1/pplx/m/n/12 (+20) Uni-cy-cle''. , MEng The-sis. CUED.
 []


Underfull \hbox (badness 10000) in paragraph at lines 1118--1123
\T1/pplx/m/n/12 (+20) , 2008, []$\T1/cmtt/m/n/12 roboticunicycle . info /
 []


Underfull \hbox (badness 5847) in paragraph at lines 1126--1127
[]\T1/pplx/m/n/12 (+20) David Forster. ''Robotic
 []


Underfull \hbox (badness 10000) in paragraph at lines 1132--1135
[]\T1/pplx/m/n/12 (+20) M. P.
 []


Underfull \hbox (badness 10000) in paragraph at lines 1138--1140
[]\T1/pplx/m/n/12 (+20) Rodrigo Queiro. ''Ma-
 []


Underfull \hbox (badness 10000) in paragraph at lines 1138--1140
\T1/pplx/m/n/12 (+20) chine Learn-ing for Con-trol''.
 []


Underfull \hbox (badness 1163) in paragraph at lines 1138--1140
\T1/pplx/m/n/12 (+20) MEng The-sis. CUED. 2011 []$\T1/cmtt/m/n/12 https :
 []


Underfull \hbox (badness 10000) in paragraph at lines 1138--1140
\T1/cmtt/m/n/12 / / github . com / drigz / IIB -[] Project /
 []


Underfull \hbox (badness 10000) in paragraph at lines 1142--1143
[]\T1/pplx/m/n/12 (+20) Alan Dou-glass. ''Ma-
 []


Underfull \hbox (badness 10000) in paragraph at lines 1145--1146
[]\T1/pplx/m/n/12 (+20) mhexrobot. 2012.
 []


Underfull \hbox (badness 10000) in paragraph at lines 1145--1146
[]$\T1/cmtt/m/n/12 https : / / edgetriggered . wordpress .
 []


Underfull \hbox (badness 10000) in paragraph at lines 1148--1150
[]
 []


Underfull \hbox (badness 10000) in paragraph at lines 1152--1153
\T1/cmtt/m/n/12 / / www . raspberrypi . org / forums /
 []


Package Fancyhdr Warning: \headheight is too small (12.0pt): 
 Make it at least 14.49998pt.
 We now make it that large for the rest of the document.
 This may cause the page layout to be inconsistent, however.

[45

]
Underfull \hbox (badness 2922) in paragraph at lines 1164--1165
[]\T1/pplx/m/n/12 (+20) Arsalan Har-ris. ''Robotic
 []


Underfull \hbox (badness 1466) in paragraph at lines 1175--1177
[]\T1/pplx/m/n/12 (+20) Ianovir: Hy-per-IMU app []$\T1/cmtt/m/n/12 ianovir .
 []


Underfull \hbox (badness 10000) in paragraph at lines 1179--1180
[]\T1/pplx/m/n/12 (+20) Protective foam. []$\T1/cmtt/m/n/12 https : / / www .
 []


Underfull \hbox (badness 10000) in paragraph at lines 1179--1180
\T1/cmtt/m/n/12 diy . com / departments / climaflex -[]
 []


Underfull \hbox (badness 10000) in paragraph at lines 1179--1180
\T1/cmtt/m/n/12 polyethylene -[] foam -[] pipe -[] lagging -[]
 []


Underfull \hbox (badness 10000) in paragraph at lines 1179--1180
\T1/cmtt/m/n/12 l -[] 1m -[] dia -[] 15mm / 5413257001143 _ BQ .
 []


Underfull \hbox (badness 10000) in paragraph at lines 1182--1183
\T1/cmtt/m/n/12 help / supportpkg / raspberrypiio /
 []


Underfull \hbox (badness 10000) in paragraph at lines 1185--1186
\T1/pplx/m/n/12 (+20) pi.. []$\T1/cmtt/m/n/12 https : / / github . com / pololu
 /
 []


Underfull \hbox (badness 10000) in paragraph at lines 1185--1186
\T1/cmtt/m/n/12 dual -[] mc33926 -[] motor -[] driver -[] rpi .
 []


Underfull \hbox (badness 10000) in paragraph at lines 1188--1189
\T1/cmtt/m/n/12 co . uk / dp / B07GQLYPZZ / ref = cm _ sw _
 []


Underfull \hbox (badness 10000) in paragraph at lines 1191--1192
[]\T1/pplx/m/n/12 (+20) Maxom Mo-tors. []$\T1/cmtt/m/n/12 https : / / www .
 []


Underfull \hbox (badness 10000) in paragraph at lines 1191--1192
\T1/cmtt/m/n/12 maxongroup . com / maxon / view /
 []


Underfull \hbox (badness 10000) in paragraph at lines 1194--1195
[]\T1/pplx/m/n/12 (+20) Maxon Plan-e-tary Gears 1:14.
 []


Underfull \hbox (badness 10000) in paragraph at lines 1194--1195
[]$\T1/cmtt/m/n/12 https : / / www . maxongroup . com /
 []


Underfull \hbox (badness 1337) in paragraph at lines 1197--1198
[]\T1/pplx/m/n/12 (+20) Maxom en-coder - 512 puls-es/rev.
 []


Underfull \hbox (badness 10000) in paragraph at lines 1197--1198
[]$\T1/cmtt/m/n/12 https : / / www . maxongroup . com /
 []


Underfull \hbox (badness 10000) in paragraph at lines 1197--1198
\T1/cmtt/m/n/12 maxon / view / product / sensor /
 []


Underfull \hbox (badness 10000) in paragraph at lines 1197--1198
\T1/cmtt/m/n/12 encoder / Magnetische -[] Encoder /
 []


Underfull \hbox (badness 10000) in paragraph at lines 1197--1198
\T1/cmtt/m/n/12 ENCODERMR / ENCODER -[] MR -[] TYPM -[] 128 -[]
 []


Package Fancyhdr Warning: \headheight is too small (12.0pt): 
 Make it at least 14.49998pt.
 We now make it that large for the rest of the document.
 This may cause the page layout to be inconsistent, however.

[46]

Package Fancyhdr Warning: \headheight is too small (12.0pt): 
 Make it at least 14.49998pt.
 We now make it that large for the rest of the document.
 This may cause the page layout to be inconsistent, however.

[47


]
Package atveryend Info: Empty hook `BeforeClearDocument' on input line 1216.


Package Fancyhdr Warning: \headheight is too small (12.0pt): 
 Make it at least 14.49998pt.
 We now make it that large for the rest of the document.
 This may cause the page layout to be inconsistent, however.

[48


]
Package atveryend Info: Empty hook `AfterLastShipout' on input line 1216.
 (finalrep2.aux)
Package atveryend Info: Executing hook `AtVeryEndDocument' on input line 1216.
Package atveryend Info: Executing hook `AtEndAfterFileList' on input line 1216.



Package rerunfilecheck Warning: File `finalrep2.out' has changed.
(rerunfilecheck)                Rerun to get outlines right
(rerunfilecheck)                or use package `bookmark'.

Package rerunfilecheck Info: Checksums for `finalrep2.out':
(rerunfilecheck)             Before: EAFEA8AA00961F2764000735E3486053;3099
(rerunfilecheck)             After:  C2332EE3A99865FFA3F7F6CE1C6F70A7;3167.

LaTeX Font Warning: Some font shapes were not available, defaults substituted.


LaTeX Warning: There were undefined references.


LaTeX Warning: Label(s) may have changed. Rerun to get cross-references right.

Package atveryend Info: Empty hook `AtVeryVeryEnd' on input line 1216.
 ) 
Here is how much of TeX's memory you used:
 14220 strings out of 493333
 213691 string characters out of 3139191
 361618 words of memory out of 3000000
 16959 multiletter control sequences out of 15000+200000
 93729 words of font info for 363 fonts, out of 3000000 for 9000
 1141 hyphenation exceptions out of 8191
 39i,17n,43p,1203b,547s stack positions out of 5000i,500n,10000p,200000b,50000s
pdfTeX warning (dest): name{subsubsection.8.3.2} has been referenced but does
 not exist, replaced by a fixed one

pdfTeX warning (dest): name{subsubsection.8.3.1} has been referenced but does n
ot exist, replaced by a fixed one

 <C:\Users\Harvey\AppData\Local\MiKTeX\2.9\fonts\pk\ljfour\jknappen\ec\dpi600\e
ctt1200.pk>{C:/Program Files/MiKTeX 2.9/fonts/enc/dvips/base/8r.enc}<C:/Program
 Files/MiKTeX 2.9/fonts/type1/public/amsfonts/cm/cmex10.pfb><C:/Program Files/M
iKTeX 2.9/fonts/type1/public/amsfonts/cm/cmr10.pfb><C:/Program Files/MiKTeX 2.9
/fonts/type1/public/amsfonts/cm/cmsy10.pfb><C:/Program Files/MiKTeX 2.9/fonts/t
ype1/public/mathpazo/fplmbb.pfb><C:/Program Files/MiKTeX 2.9/fonts/type1/public
/mathpazo/fplmbi.pfb><C:/Program Files/MiKTeX 2.9/fonts/type1/public/mathpazo/f
plmr.pfb><C:/Program Files/MiKTeX 2.9/fonts/type1/public/mathpazo/fplmri.pfb><C
:/Program Files/MiKTeX 2.9/fonts/type1/public/fpl/fplrc8a.pfb><C:/Program Files
/MiKTeX 2.9/fonts/type1/urw/palatino/uplb8a.pfb><C:/Program Files/MiKTeX 2.9/fo
nts/type1/urw/palatino/uplr8a.pfb><C:/Program Files/MiKTeX 2.9/fonts/type1/urw/
palatino/uplri8a.pfb>
Output written on finalrep2.pdf (48 pages, 36909540 bytes).
PDF statistics:
 852 PDF objects out of 1000 (max. 8388607)
 159 named destinations out of 1000 (max. 500000)
 60497 words of extra memory for PDF output out of 61914 (max. 10000000)

